<?xml version="1.0" encoding="UTF-8"?>
<!-- Generated by org.testng.reporters.JUnitXMLReporter -->
<testsuite ignored="0" hostname="LAPTOP-56UNM9HO" failures="1" tests="5" name="Test" time="67.897" errors="0" timestamp="2022-04-27T11:24:16 IST">
  <testcase classname="VerifyLeadsTest.verifyleadsTest" name="vverifyleadstest" time="3.357"/>
  <testcase classname="VerifyCreationofNewLeadTest.VerifyNewlead" name="verifyLeadCreation" time="13.59"/>
  <testcase classname="VerifyCreationofNewAccountTest.VerifyNewAccount" name="verifyNewAccountCreation" time="16.505">
    <failure type="java.lang.NullPointerException" message="Cannot invoke &amp;quot;org.apache.poi.ss.usermodel.Sheet.getRow(int)&amp;quot; because the return value of &amp;quot;org.apache.poi.ss.usermodel.Workbook.getSheet(String)&amp;quot; is null">
      <![CDATA[java.lang.NullPointerException: Cannot invoke "org.apache.poi.ss.usermodel.Sheet.getRow(int)" because the return value of "org.apache.poi.ss.usermodel.Workbook.getSheet(String)" is null
at com.crm.genericLib.FileLib.readExcelData(FileLib.java:26)
at VerifyCreationofNewAccountTest.VerifyNewAccount.verifyNewAccountCreation(VerifyNewAccount.java:28)
at java.base/java.util.ArrayList.forEach(ArrayList.java:1511)
... Removed 27 stack frames]]>
    </failure>
  </testcase> <!-- verifyNewAccountCreation -->
  <testcase classname="com.crm.verifyAccount.verifyAccounts" name="verifyAccountsTest" time="11.12"/>
  <testcase classname="VerifyContactsTest.verifycontactstest" name="verifycontactstext" time="6.304"/>
</testsuite> <!-- Test -->
