<?xml version="1.0" encoding="UTF-8"?>
<testng-results ignored="0" total="5" passed="4" failed="1" skipped="0">
  <reporter-output>
    <line>
      <![CDATA[Test started]]>
    </line>
    <line>
      <![CDATA[Login Page is Displayed, PASS]]>
    </line>
    <line>
      <![CDATA[vverifyleadstest method started]]>
    </line>
    <line>
      <![CDATA[CRM Home  is Displayed, PASS]]>
    </line>
    <line>
      <![CDATA[leadspage is Displayed]]>
    </line>
    <line>
      <![CDATA[vverifyleadstest method passed]]>
    </line>
    <line>
      <![CDATA[Login Page is Displayed, PASS]]>
    </line>
    <line>
      <![CDATA[verifyLeadCreation method started]]>
    </line>
    <line>
      <![CDATA[CRM Home  is Displayed, PASS]]>
    </line>
    <line>
      <![CDATA[verifyLeadCreation method passed]]>
    </line>
    <line>
      <![CDATA[Login Page is Displayed, PASS]]>
    </line>
    <line>
      <![CDATA[verifyNewAccountCreation method started]]>
    </line>
    <line>
      <![CDATA[CRM Home  is Displayed, PASS]]>
    </line>
    <line>
      <![CDATA[verifyNewAccountCreation method failed]]>
    </line>
    <line>
      <![CDATA[Login Page is Displayed, PASS]]>
    </line>
    <line>
      <![CDATA[verifyAccountsTest method started]]>
    </line>
    <line>
      <![CDATA[CRM Home  is Displayed, PASS]]>
    </line>
    <line>
      <![CDATA[accounts is Displayed]]>
    </line>
    <line>
      <![CDATA[verifyAccountsTest method passed]]>
    </line>
    <line>
      <![CDATA[Login Page is Displayed, PASS]]>
    </line>
    <line>
      <![CDATA[verifycontactstext method started]]>
    </line>
    <line>
      <![CDATA[CRM Home  is Displayed, PASS]]>
    </line>
    <line>
      <![CDATA[contacts page is Displayed]]>
    </line>
    <line>
      <![CDATA[verifycontactstext method passed]]>
    </line>
  </reporter-output>
  <suite started-at="2022-04-27T11:23:08 IST" name="Suite" finished-at="2022-04-27T11:24:16 IST" duration-ms="67897">
    <groups>
    </groups>
    <test started-at="2022-04-27T11:23:08 IST" name="Test" finished-at="2022-04-27T11:24:16 IST" duration-ms="67897">
      <class name="VerifyCreationofNewLeadTest.VerifyNewlead">
        <test-method is-config="true" signature="openBrowser()[pri:0, instance:VerifyCreationofNewLeadTest.VerifyNewlead@26d9b808]" started-at="2022-04-27T11:23:16 IST" name="openBrowser" finished-at="2022-04-27T11:23:18 IST" duration-ms="2160" status="PASS">
          <reporter-output>
            <line>
              <![CDATA[Login Page is Displayed, PASS]]>
            </line>
          </reporter-output>
        </test-method> <!-- openBrowser -->
        <test-method signature="verifyLeadCreation()[pri:0, instance:VerifyCreationofNewLeadTest.VerifyNewlead@26d9b808]" started-at="2022-04-27T11:23:18 IST" name="verifyLeadCreation" finished-at="2022-04-27T11:23:32 IST" duration-ms="13590" status="PASS">
          <reporter-output>
            <line>
              <![CDATA[verifyLeadCreation method started]]>
            </line>
            <line>
              <![CDATA[CRM Home  is Displayed, PASS]]>
            </line>
            <line>
              <![CDATA[verifyLeadCreation method passed]]>
            </line>
          </reporter-output>
        </test-method> <!-- verifyLeadCreation -->
      </class> <!-- VerifyCreationofNewLeadTest.VerifyNewlead -->
      <class name="VerifyContactsTest.verifycontactstest">
        <test-method is-config="true" signature="openBrowser()[pri:0, instance:VerifyContactsTest.verifycontactstest@7526515b]" started-at="2022-04-27T11:24:07 IST" name="openBrowser" finished-at="2022-04-27T11:24:10 IST" duration-ms="3291" status="PASS">
          <reporter-output>
            <line>
              <![CDATA[Login Page is Displayed, PASS]]>
            </line>
          </reporter-output>
        </test-method> <!-- openBrowser -->
        <test-method signature="verifycontactstext()[pri:0, instance:VerifyContactsTest.verifycontactstest@7526515b]" started-at="2022-04-27T11:24:10 IST" name="verifycontactstext" finished-at="2022-04-27T11:24:16 IST" duration-ms="6304" status="PASS">
          <reporter-output>
            <line>
              <![CDATA[verifycontactstext method started]]>
            </line>
            <line>
              <![CDATA[CRM Home  is Displayed, PASS]]>
            </line>
            <line>
              <![CDATA[contacts page is Displayed]]>
            </line>
            <line>
              <![CDATA[verifycontactstext method passed]]>
            </line>
          </reporter-output>
        </test-method> <!-- verifycontactstext -->
      </class> <!-- VerifyContactsTest.verifycontactstest -->
      <class name="com.crm.verifyAccount.verifyAccounts">
        <test-method is-config="true" signature="openBrowser()[pri:0, instance:com.crm.verifyAccount.verifyAccounts@644baf4a]" started-at="2022-04-27T11:23:54 IST" name="openBrowser" finished-at="2022-04-27T11:23:56 IST" duration-ms="2059" status="PASS">
          <reporter-output>
            <line>
              <![CDATA[Login Page is Displayed, PASS]]>
            </line>
          </reporter-output>
        </test-method> <!-- openBrowser -->
        <test-method signature="verifyAccountsTest()[pri:0, instance:com.crm.verifyAccount.verifyAccounts@644baf4a]" started-at="2022-04-27T11:23:56 IST" name="verifyAccountsTest" finished-at="2022-04-27T11:24:07 IST" duration-ms="11120" status="PASS">
          <reporter-output>
            <line>
              <![CDATA[verifyAccountsTest method started]]>
            </line>
            <line>
              <![CDATA[CRM Home  is Displayed, PASS]]>
            </line>
            <line>
              <![CDATA[accounts is Displayed]]>
            </line>
            <line>
              <![CDATA[verifyAccountsTest method passed]]>
            </line>
          </reporter-output>
        </test-method> <!-- verifyAccountsTest -->
      </class> <!-- com.crm.verifyAccount.verifyAccounts -->
      <class name="VerifyCreationofNewAccountTest.VerifyNewAccount">
        <test-method is-config="true" signature="openBrowser()[pri:0, instance:VerifyCreationofNewAccountTest.VerifyNewAccount@f78a47e]" started-at="2022-04-27T11:23:32 IST" name="openBrowser" finished-at="2022-04-27T11:23:37 IST" duration-ms="5358" status="PASS">
          <reporter-output>
            <line>
              <![CDATA[Login Page is Displayed, PASS]]>
            </line>
          </reporter-output>
        </test-method> <!-- openBrowser -->
        <test-method signature="verifyNewAccountCreation()[pri:0, instance:VerifyCreationofNewAccountTest.VerifyNewAccount@f78a47e]" started-at="2022-04-27T11:23:37 IST" name="verifyNewAccountCreation" finished-at="2022-04-27T11:23:53 IST" duration-ms="16505" status="FAIL">
          <exception class="java.lang.NullPointerException">
            <message>
              <![CDATA[Cannot invoke "org.apache.poi.ss.usermodel.Sheet.getRow(int)" because the return value of "org.apache.poi.ss.usermodel.Workbook.getSheet(String)" is null]]>
            </message>
            <full-stacktrace>
              <![CDATA[java.lang.NullPointerException: Cannot invoke "org.apache.poi.ss.usermodel.Sheet.getRow(int)" because the return value of "org.apache.poi.ss.usermodel.Workbook.getSheet(String)" is null
at com.crm.genericLib.FileLib.readExcelData(FileLib.java:26)
at VerifyCreationofNewAccountTest.VerifyNewAccount.verifyNewAccountCreation(VerifyNewAccount.java:28)
at java.base/jdk.internal.reflect.NativeMethodAccessorImpl.invoke0(Native Method)
at java.base/jdk.internal.reflect.NativeMethodAccessorImpl.invoke(NativeMethodAccessorImpl.java:77)
at java.base/jdk.internal.reflect.DelegatingMethodAccessorImpl.invoke(DelegatingMethodAccessorImpl.java:43)
at java.base/java.lang.reflect.Method.invoke(Method.java:568)
at org.testng.internal.invokers.MethodInvocationHelper.invokeMethod(MethodInvocationHelper.java:135)
at org.testng.internal.invokers.TestInvoker.invokeMethod(TestInvoker.java:673)
at org.testng.internal.invokers.TestInvoker.invokeTestMethod(TestInvoker.java:220)
at org.testng.internal.invokers.MethodRunner.runInSequence(MethodRunner.java:50)
at org.testng.internal.invokers.TestInvoker$MethodInvocationAgent.invoke(TestInvoker.java:945)
at org.testng.internal.invokers.TestInvoker.invokeTestMethods(TestInvoker.java:193)
at org.testng.internal.invokers.TestMethodWorker.invokeTestMethods(TestMethodWorker.java:146)
at org.testng.internal.invokers.TestMethodWorker.run(TestMethodWorker.java:128)
at java.base/java.util.ArrayList.forEach(ArrayList.java:1511)
at org.testng.TestRunner.privateRun(TestRunner.java:808)
at org.testng.TestRunner.run(TestRunner.java:603)
at org.testng.SuiteRunner.runTest(SuiteRunner.java:429)
at org.testng.SuiteRunner.runSequentially(SuiteRunner.java:423)
at org.testng.SuiteRunner.privateRun(SuiteRunner.java:383)
at org.testng.SuiteRunner.run(SuiteRunner.java:326)
at org.testng.SuiteRunnerWorker.runSuite(SuiteRunnerWorker.java:52)
at org.testng.SuiteRunnerWorker.run(SuiteRunnerWorker.java:95)
at org.testng.TestNG.runSuitesSequentially(TestNG.java:1249)
at org.testng.TestNG.runSuitesLocally(TestNG.java:1169)
at org.testng.TestNG.runSuites(TestNG.java:1092)
at org.testng.TestNG.run(TestNG.java:1060)
at org.testng.remote.AbstractRemoteTestNG.run(AbstractRemoteTestNG.java:115)
at org.testng.remote.RemoteTestNG.initAndRun(RemoteTestNG.java:251)
at org.testng.remote.RemoteTestNG.main(RemoteTestNG.java:77)
]]>
            </full-stacktrace>
          </exception> <!-- java.lang.NullPointerException -->
          <reporter-output>
            <line>
              <![CDATA[verifyNewAccountCreation method started]]>
            </line>
            <line>
              <![CDATA[CRM Home  is Displayed, PASS]]>
            </line>
            <line>
              <![CDATA[verifyNewAccountCreation method failed]]>
            </line>
          </reporter-output>
        </test-method> <!-- verifyNewAccountCreation -->
      </class> <!-- VerifyCreationofNewAccountTest.VerifyNewAccount -->
      <class name="VerifyLeadsTest.verifyleadsTest">
        <test-method is-config="true" signature="openBrowser()[pri:0, instance:VerifyLeadsTest.verifyleadsTest@3646a422]" started-at="2022-04-27T11:23:08 IST" name="openBrowser" finished-at="2022-04-27T11:23:12 IST" duration-ms="3969" status="PASS">
          <reporter-output>
            <line>
              <![CDATA[Login Page is Displayed, PASS]]>
            </line>
          </reporter-output>
        </test-method> <!-- openBrowser -->
        <test-method signature="vverifyleadstest()[pri:0, instance:VerifyLeadsTest.verifyleadsTest@3646a422]" started-at="2022-04-27T11:23:12 IST" name="vverifyleadstest" finished-at="2022-04-27T11:23:16 IST" duration-ms="3357" status="PASS">
          <reporter-output>
            <line>
              <![CDATA[vverifyleadstest method started]]>
            </line>
            <line>
              <![CDATA[CRM Home  is Displayed, PASS]]>
            </line>
            <line>
              <![CDATA[leadspage is Displayed]]>
            </line>
            <line>
              <![CDATA[vverifyleadstest method passed]]>
            </line>
          </reporter-output>
        </test-method> <!-- vverifyleadstest -->
      </class> <!-- VerifyLeadsTest.verifyleadsTest -->
    </test> <!-- Test -->
  </suite> <!-- Suite -->
</testng-results>
