<?xml version="1.0" encoding="UTF-8"?>
<!-- Generated by org.testng.reporters.JUnitXMLReporter -->
<testsuite hostname="LAPTOP-SGM7QTR8" ignored="0" name="Test" tests="1" failures="0" timestamp="19 Apr 2022 06:53:09 GMT" time="0.034" errors="0">
  <testcase name="@BeforeClass openBrowser" time="0.011" classname="com.Trunkil.genericLib.BaseTest">
    <failure type="java.lang.NullPointerException">
      <![CDATA[java.lang.NullPointerException
at com.Trunkil.genericLib.BaseTest.openBrowser(BaseTest.java:35)
... Removed 26 stack frames]]>
    </failure>
  </testcase> <!-- @BeforeClass openBrowser -->
  <testcase name="verifyLeadsTest" time="0.0" classname="com.Trunkil.Leads.VerifyLeadsButton">
    <skipped/>
  </testcase> <!-- verifyLeadsTest -->
</testsuite> <!-- Test -->
